This file contains any messages produced by compilers while
running configure, to aid debugging if configure makes a mistake.

configure:590: checking host system type
configure:611: checking target system type
configure:629: checking build system type
configure:664: checking for a BSD compatible install
configure:717: checking whether build environment is sane
configure:774: checking whether make sets ${MAKE}
configure:820: checking for working aclocal
configure:833: checking for working autoconf
configure:846: checking for working automake
configure:859: checking for working autoheader
configure:872: checking for working makeinfo
configure:909: checking for perl
configure:947: checking for shared library extension
configure:963: checking for tclConfig.sh in 
configure:1008: checking for gcc
configure:1121: checking whether the C compiler (gcc  ) works
configure:1137: gcc -o conftest    conftest.c  1>&5
configure:1163: checking whether the C compiler (gcc  ) is a cross-compiler
configure:1168: checking whether we are using GNU C
configure:1177: gcc -E conftest.c
configure:1196: checking whether gcc accepts -g
configure:1228: checking how to run the C preprocessor
configure:1249: gcc -E  conftest.c >/dev/null 2>conftest.out
configure:1381: checking for ranlib
configure:1420: checking for ld used by GCC
configure:1482: checking if the linker (/usr/ccs/bin/ld) is GNU ld
configure:1498: checking for BSD-compatible nm
configure:1534: checking whether ln -s works
ltconfig:603: checking for object suffix
ltconfig:604: gcc -c -g -O2  conftest.c 1>&5
ltconfig:629: checking for executable suffix
ltconfig:630: gcc -o conftest -g -O2   conftest.c  1>&5
ltconfig:776: checking if gcc PIC flag -fPIC works
ltconfig:777: gcc -c -g -O2 -fPIC -DPIC  conftest.c 1>&5
ltconfig:829: checking if gcc supports -c -o file.o
ltconfig:830: gcc -c -g -O2 -o out/conftest2.o  conftest.c 1>&5
ltconfig:862: checking if gcc supports -c -o file.lo
ltconfig:863: gcc -c -g -O2 -c -o conftest.lo  conftest.c 1>&5
ltconfig:914: checking if gcc supports -fno-rtti -fno-exceptions
ltconfig:915: gcc -c -g -O2 -fno-rtti -fno-exceptions -c conftest.c  conftest.c 1>&5
ltconfig:958: checking if gcc static flag -static works
ltconfig:959: gcc -o conftest -g -O2   -static conftest.c  1>&5
ltconfig:1592: checking if global_symbol_pipe works
ltconfig:1593: gcc -c -g -O2  conftest.c 1>&5
ltconfig:1596: eval "/usr/ccs/bin/nm -p conftest.o | sed -n -e 's/^.*[ 	]\([BDT]\)[ 	][ 	]*\(\)\([_A-Za-z][_A-Za-z0-9]*\)$/\1 \2\3 \3/p' > conftest.nm"
ltconfig:1648: gcc -o conftest -g -O2 -fno-builtin -fno-rtti -fno-exceptions   conftest.c conftstm.o 1>&5
configure:1720: checking for ANSI C header files
configure:1733: gcc -E  conftest.c >/dev/null 2>conftest.out
configure:1800: gcc -o conftest -g -O2   conftest.c  1>&5
configure:1827: checking for fcntl.h
configure:1837: gcc -E  conftest.c >/dev/null 2>conftest.out
configure:1827: checking for fp_class.h
configure:1837: gcc -E  conftest.c >/dev/null 2>conftest.out
configure:1833: fp_class.h: No such file or directory
configure: failed program was:
#line 1832 "configure"
#include "confdefs.h"
#include <fp_class.h>
configure:1827: checking for malloc.h
configure:1837: gcc -E  conftest.c >/dev/null 2>conftest.out
configure:1827: checking for unistd.h
configure:1837: gcc -E  conftest.c >/dev/null 2>conftest.out
configure:1827: checking for ieeefp.h
configure:1837: gcc -E  conftest.c >/dev/null 2>conftest.out
configure:1827: checking for math.h
configure:1837: gcc -E  conftest.c >/dev/null 2>conftest.out
configure:1827: checking for sys/time.h
configure:1837: gcc -E  conftest.c >/dev/null 2>conftest.out
configure:1827: checking for sys/times.h
configure:1837: gcc -E  conftest.c >/dev/null 2>conftest.out
configure:1827: checking for sys/param.h
configure:1837: gcc -E  conftest.c >/dev/null 2>conftest.out
configure:1827: checking for sys/resource.h
configure:1837: gcc -E  conftest.c >/dev/null 2>conftest.out
configure:1827: checking for float.h
configure:1837: gcc -E  conftest.c >/dev/null 2>conftest.out
configure:1865: checking for working const
configure:1919: gcc -c -g -O2  conftest.c 1>&5
configure:1940: checking whether time.h and sys/time.h may both be included
configure:1954: gcc -c -g -O2  conftest.c 1>&5
configure:1975: checking whether struct tm is in sys/time.h or time.h
configure:1988: gcc -c -g -O2  conftest.c 1>&5
configure:2010: checking for acos
configure:2038: gcc -o conftest -g -O2   conftest.c  1>&5
Undefined			first referenced
 symbol  			    in file
acos                                /var/tmp/ccrreXML.o
ld: fatal: Symbol referencing errors. No output written to conftest
collect2: ld returned 1 exit status
configure: failed program was:
#line 2015 "configure"
#include "confdefs.h"
/* System header to define __stub macros and hopefully few prototypes,
    which can conflict with char acos(); below.  */
#include <assert.h>
/* Override any gcc2 internal prototype to avoid an error.  */
/* We use char because int might match the return type of a gcc2
    builtin and then its argument prototype would still apply.  */
char acos();

int main() {

/* The GNU C library defines this for functions which it implements
    to always fail with ENOSYS.  Some functions are actually named
    something starting with __ and the normal name is an alias.  */
#if defined (__stub_acos) || defined (__stub___acos)
choke me
#else
acos();
#endif

; return 0; }
configure:2056: checking for acos in -lm
configure:2075: gcc -o conftest -g -O2   conftest.c -lm   1>&5
configure:2110: checking for gnroff
configure:2150: checking for groff
configure:2190: checking if we can use GCC-specific compiler options
configure:2202: gcc -c -g -O2 -Wall -pedantic -Wshadow -Wpointer-arith -Wcast-align -Wmissing-prototypes -Wmissing-declarations -Wnested-externs -Winline  conftest.c 1>&5
configure:2231: checking for strftime
configure:2259: gcc -o conftest -g -O2 -Wall -pedantic -Wshadow -Wpointer-arith -Wcast-align -Wmissing-prototypes -Wmissing-declarations -Wnested-externs -Winline  -fPIC   conftest.c -lm  1>&5
configure:2327: checking for vprintf
configure:2355: gcc -o conftest -g -O2 -Wall -pedantic -Wshadow -Wpointer-arith -Wcast-align -Wmissing-prototypes -Wmissing-declarations -Wnested-externs -Winline  -fPIC   conftest.c -lm  1>&5
configure:2436: checking for strerror
configure:2464: gcc -o conftest -g -O2 -Wall -pedantic -Wshadow -Wpointer-arith -Wcast-align -Wmissing-prototypes -Wmissing-declarations -Wnested-externs -Winline  -fPIC   conftest.c -lm  1>&5
configure:2436: checking for snprintf
configure:2464: gcc -o conftest -g -O2 -Wall -pedantic -Wshadow -Wpointer-arith -Wcast-align -Wmissing-prototypes -Wmissing-declarations -Wnested-externs -Winline  -fPIC   conftest.c -lm  1>&5
configure:2436: checking for vsnprintf
configure:2464: gcc -o conftest -g -O2 -Wall -pedantic -Wshadow -Wpointer-arith -Wcast-align -Wmissing-prototypes -Wmissing-declarations -Wnested-externs -Winline  -fPIC   conftest.c -lm  1>&5
configure:2436: checking for fpclass
configure:2464: gcc -o conftest -g -O2 -Wall -pedantic -Wshadow -Wpointer-arith -Wcast-align -Wmissing-prototypes -Wmissing-declarations -Wnested-externs -Winline  -fPIC   conftest.c -lm  1>&5
configure:2436: checking for class
configure:2464: gcc -o conftest -g -O2 -Wall -pedantic -Wshadow -Wpointer-arith -Wcast-align -Wmissing-prototypes -Wmissing-declarations -Wnested-externs -Winline  -fPIC   conftest.c -lm  1>&5
Undefined			first referenced
 symbol  			    in file
class                               /var/tmp/ccJ3hbhm.o
ld: fatal: Symbol referencing errors. No output written to conftest
collect2: ld returned 1 exit status
configure: failed program was:
#line 2441 "configure"
#include "confdefs.h"
/* System header to define __stub macros and hopefully few prototypes,
    which can conflict with char class(); below.  */
#include <assert.h>
/* Override any gcc2 internal prototype to avoid an error.  */
/* We use char because int might match the return type of a gcc2
    builtin and then its argument prototype would still apply.  */
char class();

int main() {

/* The GNU C library defines this for functions which it implements
    to always fail with ENOSYS.  Some functions are actually named
    something starting with __ and the normal name is an alias.  */
#if defined (__stub_class) || defined (__stub___class)
choke me
#else
class();
#endif

; return 0; }
configure:2436: checking for fp_class
configure:2464: gcc -o conftest -g -O2 -Wall -pedantic -Wshadow -Wpointer-arith -Wcast-align -Wmissing-prototypes -Wmissing-declarations -Wnested-externs -Winline  -fPIC   conftest.c -lm  1>&5
Undefined			first referenced
 symbol  			    in file
fp_class                            /var/tmp/ccX4q5Hm.o
ld: fatal: Symbol referencing errors. No output written to conftest
collect2: ld returned 1 exit status
configure: failed program was:
#line 2441 "configure"
#include "confdefs.h"
/* System header to define __stub macros and hopefully few prototypes,
    which can conflict with char fp_class(); below.  */
#include <assert.h>
/* Override any gcc2 internal prototype to avoid an error.  */
/* We use char because int might match the return type of a gcc2
    builtin and then its argument prototype would still apply.  */
char fp_class();

int main() {

/* The GNU C library defines this for functions which it implements
    to always fail with ENOSYS.  Some functions are actually named
    something starting with __ and the normal name is an alias.  */
#if defined (__stub_fp_class) || defined (__stub___fp_class)
choke me
#else
fp_class();
#endif

; return 0; }
configure:2436: checking for isnan
configure:2464: gcc -o conftest -g -O2 -Wall -pedantic -Wshadow -Wpointer-arith -Wcast-align -Wmissing-prototypes -Wmissing-declarations -Wnested-externs -Winline  -fPIC   conftest.c -lm  1>&5
configure:2436: checking for memmove
configure:2464: gcc -o conftest -g -O2 -Wall -pedantic -Wshadow -Wpointer-arith -Wcast-align -Wmissing-prototypes -Wmissing-declarations -Wnested-externs -Winline  -fPIC   conftest.c -lm  1>&5
configure:2436: checking for strchr
configure:2464: gcc -o conftest -g -O2 -Wall -pedantic -Wshadow -Wpointer-arith -Wcast-align -Wmissing-prototypes -Wmissing-declarations -Wnested-externs -Winline  -fPIC   conftest.c -lm  1>&5
configure:2436: checking for mktime
configure:2464: gcc -o conftest -g -O2 -Wall -pedantic -Wshadow -Wpointer-arith -Wcast-align -Wmissing-prototypes -Wmissing-declarations -Wnested-externs -Winline  -fPIC   conftest.c -lm  1>&5
configure:2436: checking for getrusage
configure:2464: gcc -o conftest -g -O2 -Wall -pedantic -Wshadow -Wpointer-arith -Wcast-align -Wmissing-prototypes -Wmissing-declarations -Wnested-externs -Winline  -fPIC   conftest.c -lm  1>&5
configure:2436: checking for gettimeofday
configure:2464: gcc -o conftest -g -O2 -Wall -pedantic -Wshadow -Wpointer-arith -Wcast-align -Wmissing-prototypes -Wmissing-declarations -Wnested-externs -Winline  -fPIC   conftest.c -lm  1>&5
configure:2492: checking for fpclassify
configure:2520: gcc -o conftest -g -O2 -Wall -pedantic -Wshadow -Wpointer-arith -Wcast-align -Wmissing-prototypes -Wmissing-declarations -Wnested-externs -Winline  -fPIC   conftest.c -lm  1>&5
Undefined			first referenced
 symbol  			    in file
fpclassify                          /var/tmp/cc5xe1hN.o
ld: fatal: Symbol referencing errors. No output written to conftest
collect2: ld returned 1 exit status
configure: failed program was:
#line 2497 "configure"
#include "confdefs.h"
/* System header to define __stub macros and hopefully few prototypes,
    which can conflict with char fpclassify(); below.  */
#include <assert.h>
/* Override any gcc2 internal prototype to avoid an error.  */
/* We use char because int might match the return type of a gcc2
    builtin and then its argument prototype would still apply.  */
char fpclassify();

int main() {

/* The GNU C library defines this for functions which it implements
    to always fail with ENOSYS.  Some functions are actually named
    something starting with __ and the normal name is an alias.  */
#if defined (__stub_fpclassify) || defined (__stub___fpclassify)
choke me
#else
fpclassify();
#endif

; return 0; }
configure:2542: checking for fpclassify with <math.h>
configure:2551: gcc -o conftest -g -O2 -Wall -pedantic -Wshadow -Wpointer-arith -Wcast-align -Wmissing-prototypes -Wmissing-declarations -Wnested-externs -Winline  -fPIC   conftest.c -lm  1>&5
configure: In function `main':
configure:2547: warning: implicit declaration of function `fpclassify'
Undefined			first referenced
 symbol  			    in file
fpclassify                          /var/tmp/cccT6cnT.o
ld: fatal: Symbol referencing errors. No output written to conftest
collect2: ld returned 1 exit status
configure: failed program was:
#line 2544 "configure"
#include "confdefs.h"
#include <math.h>
int main() {
float f = 0.0; fpclassify(f)
; return 0; }
configure:2571: checking for finite
configure:2599: gcc -o conftest -g -O2 -Wall -pedantic -Wshadow -Wpointer-arith -Wcast-align -Wmissing-prototypes -Wmissing-declarations -Wnested-externs -Winline  -fPIC   conftest.c -lm  1>&5
configure:2705: checking for isinf
configure:2733: gcc -o conftest -g -O2 -Wall -pedantic -Wshadow -Wpointer-arith -Wcast-align -Wmissing-prototypes -Wmissing-declarations -Wnested-externs -Winline  -fPIC   conftest.c -lm  1>&5
Undefined			first referenced
 symbol  			    in file
isinf                               /var/tmp/ccNb4HG2.o
ld: fatal: Symbol referencing errors. No output written to conftest
collect2: ld returned 1 exit status
configure: failed program was:
#line 2710 "configure"
#include "confdefs.h"
/* System header to define __stub macros and hopefully few prototypes,
    which can conflict with char isinf(); below.  */
#include <assert.h>
/* Override any gcc2 internal prototype to avoid an error.  */
/* We use char because int might match the return type of a gcc2
    builtin and then its argument prototype would still apply.  */
char isinf();

int main() {

/* The GNU C library defines this for functions which it implements
    to always fail with ENOSYS.  Some functions are actually named
    something starting with __ and the normal name is an alias.  */
#if defined (__stub_isinf) || defined (__stub___isinf)
choke me
#else
isinf();
#endif

; return 0; }
configure:2755: checking for isinf with <math.h>
configure:2764: gcc -o conftest -g -O2 -Wall -pedantic -Wshadow -Wpointer-arith -Wcast-align -Wmissing-prototypes -Wmissing-declarations -Wnested-externs -Winline  -fPIC   conftest.c -lm  1>&5
configure: In function `main':
configure:2760: warning: implicit declaration of function `isinf'
Undefined			first referenced
 symbol  			    in file
isinf                               /var/tmp/ccjwAqYe.o
ld: fatal: Symbol referencing errors. No output written to conftest
collect2: ld returned 1 exit status
configure: failed program was:
#line 2757 "configure"
#include "confdefs.h"
#include <math.h>
int main() {
float f = 0.0; isinf(f)
; return 0; }
configure:2784: checking if realloc can deal with NULL
configure:2802: gcc -o conftest -g -O2 -Wall -pedantic -Wshadow -Wpointer-arith -Wcast-align -Wmissing-prototypes -Wmissing-declarations -Wnested-externs -Winline  -fPIC   conftest.c -lm  1>&5
configure:2830: checking if IEEE math works out of the box
configure:2906: gcc -o conftest -g -O2 -Wall -pedantic -Wshadow -Wpointer-arith -Wcast-align -Wmissing-prototypes -Wmissing-declarations -Wnested-externs -Winline  -fPIC   conftest.c -lm  1>&5
configure:4181: checking in
